<?xml version="1.0" encoding="utf-8"?><testsuites name="pytest tests"><testsuite name="pytest" errors="0" failures="0" skipped="0" tests="14" time="2.848" timestamp="2026-04-10T18:03:58.786824+00:00" hostname="agent-env-0841431b-a1a0-46ae-ac71-0fc7947080ac"><testcase classname="backend.tests.test_belgian_bug_fixes.TestLogin" name="test_login_belgian_user" time="0.465" /><testcase classname="backend.tests.test_belgian_bug_fixes.TestCasesEndpoint" name="test_cases_no_500_error" time="0.520" /><testcase classname="backend.tests.test_belgian_bug_fixes.TestCasesEndpoint" name="test_deadline_is_string" time="0.085" /><testcase classname="backend.tests.test_belgian_bug_fixes.TestCasesEndpoint" name="test_financial_exposure_is_string" time="0.090" /><testcase classname="backend.tests.test_belgian_bug_fixes.TestBelgianCaseDetail" name="test_belgian_case_has_country_be" time="0.164" /><testcase classname="backend.tests.test_belgian_bug_fixes.TestBelgianCaseDetail" name="test_belgian_case_has_french_content" time="0.172" /><testcase classname="backend.tests.test_belgian_bug_fixes.TestBelgianCaseDetail" name="test_belgian_case_has_battle_preview" time="0.215" /><testcase classname="backend.tests.test_belgian_bug_fixes.TestBelgianCaseDetail" name="test_belgian_case_has_success_probability" time="0.178" /><testcase classname="backend.tests.test_belgian_bug_fixes.TestBelgianFeatures" name="test_risk_history_endpoint" time="0.163" /><testcase classname="backend.tests.test_belgian_bug_fixes.TestBelgianFeatures" name="test_letter_types_endpoint_belgian" time="0.059" /><testcase classname="backend.tests.test_belgian_bug_fixes.TestBelgianFeatures" name="test_case_shares_endpoint" time="0.186" /><testcase classname="backend.tests.test_belgian_bug_fixes.TestBelgianFeatures" name="test_case_events_endpoint" time="0.203" /><testcase classname="backend.tests.test_belgian_bug_fixes.TestBelgianFeatures" name="test_case_documents_endpoint" time="0.194" /><testcase classname="backend.tests.test_belgian_bug_fixes.TestUSRegression" name="test_us_letter_types" time="0.059" /></testsuite></testsuites>