<?xml version="1.0" encoding="utf-8"?><testsuites name="pytest tests"><testsuite name="pytest" errors="0" failures="0" skipped="3" tests="14" time="8.079" timestamp="2026-04-10T14:38:07.826141+00:00" hostname="agent-env-0841431b-a1a0-46ae-ac71-0fc7947080ac"><testcase classname="backend.tests.test_document_library.TestDocumentLibraryPublic" name="test_get_all_templates" time="0.226" /><testcase classname="backend.tests.test_document_library.TestDocumentLibraryPublic" name="test_filter_by_nda_category" time="0.126" /><testcase classname="backend.tests.test_document_library.TestDocumentLibraryPublic" name="test_filter_by_employment_category" time="0.122" /><testcase classname="backend.tests.test_document_library.TestDocumentLibraryPublic" name="test_search_lease_templates" time="0.116" /><testcase classname="backend.tests.test_document_library.TestDocumentLibraryPublic" name="test_category_ids_match_expected" time="0.118" /><testcase classname="backend.tests.test_document_library.TestDocumentLibraryAuthenticated" name="test_generate_free_template" time="1.370"><skipped type="pytest.skip" message="Claude API rate limited">/app/backend/tests/test_document_library.py:173: Claude API rate limited</skipped></testcase><testcase classname="backend.tests.test_document_library.TestDocumentLibraryAuthenticated" name="test_generate_non_free_template_pro_user" time="1.496"><skipped type="pytest.skip" message="Claude API rate limited">/app/backend/tests/test_document_library.py:214: Claude API rate limited</skipped></testcase><testcase classname="backend.tests.test_document_library.TestDocumentLibraryAuthenticated" name="test_generate_non_free_template_free_user_blocked" time="0.919" /><testcase classname="backend.tests.test_document_library.TestDocumentLibraryAuthenticated" name="test_get_generated_documents" time="0.446" /><testcase classname="backend.tests.test_document_library.TestDocumentLibraryAuthenticated" name="test_send_for_signature_mock" time="1.202"><skipped type="pytest.skip" message="Could not generate document: {&quot;detail&quot;:&quot;Could not generate document. Please try again.&quot;}">/app/backend/tests/test_document_library.py:308: Could not generate document: {"detail":"Could not generate document. Please try again."}</skipped></testcase><testcase classname="backend.tests.test_document_library.TestDocumentLibraryAuthenticated" name="test_sign_nonexistent_document" time="0.445" /><testcase classname="backend.tests.test_document_library.TestDocumentLibraryAuthenticated" name="test_generate_nonexistent_template" time="0.525" /><testcase classname="backend.tests.test_document_library.TestRegressionAuth" name="test_login_with_email_password" time="0.345" /><testcase classname="backend.tests.test_document_library.TestRegressionAuth" name="test_dashboard_loads_after_login" time="0.525" /></testsuite></testsuites>