<?xml version="1.0" encoding="utf-8"?><testsuites name="pytest tests"><testsuite name="pytest" errors="0" failures="0" skipped="0" tests="11" time="3.934" timestamp="2026-04-12T13:49:54.214489+00:00" hostname="agent-env-0841431b-a1a0-46ae-ac71-0fc7947080ac"><testcase classname="backend.tests.test_code_quality_refactor.TestAuthLogin" name="test_us_pro_user_login" time="0.459" /><testcase classname="backend.tests.test_code_quality_refactor.TestAuthLogin" name="test_belgium_pro_user_login" time="0.377" /><testcase classname="backend.tests.test_code_quality_refactor.TestAuthLogin" name="test_attorney_login" time="0.340" /><testcase classname="backend.tests.test_code_quality_refactor.TestAuthLogin" name="test_invalid_credentials" time="0.103" /><testcase classname="backend.tests.test_code_quality_refactor.TestCasesAPI" name="test_get_cases_authenticated" time="0.474" /><testcase classname="backend.tests.test_code_quality_refactor.TestCasesAPI" name="test_get_cases_unauthenticated" time="0.478" /><testcase classname="backend.tests.test_code_quality_refactor.TestBelgiumJurisdiction" name="test_belgium_user_cases" time="0.452" /><testcase classname="backend.tests.test_code_quality_refactor.TestHealthEndpoints" name="test_health_check" time="0.109" /><testcase classname="backend.tests.test_code_quality_refactor.TestHealthEndpoints" name="test_api_root" time="0.105" /><testcase classname="backend.tests.test_code_quality_refactor.TestDashboardAPIs" name="test_auth_me" time="0.520" /><testcase classname="backend.tests.test_code_quality_refactor.TestDashboardAPIs" name="test_chat_conversations" time="0.438" /></testsuite></testsuites>