<?xml version="1.0" encoding="utf-8"?><testsuites name="pytest tests"><testsuite name="pytest" errors="0" failures="0" skipped="0" tests="9" time="18.192" timestamp="2026-04-11T19:16:55.800997+00:00" hostname="agent-env-0841431b-a1a0-46ae-ac71-0fc7947080ac"><testcase classname="backend.tests.test_document_library_redesign.TestArcherDocumentCreator" name="test_archer_send_message_creates_conversation" time="3.546" /><testcase classname="backend.tests.test_document_library_redesign.TestArcherDocumentCreator" name="test_archer_send_message_continues_conversation" time="7.513" /><testcase classname="backend.tests.test_document_library_redesign.TestArcherDocumentCreator" name="test_archer_recent_documents" time="0.434" /><testcase classname="backend.tests.test_document_library_redesign.TestArcherDocumentCreator" name="test_archer_conversations_list" time="0.420" /><testcase classname="backend.tests.test_document_library_redesign.TestArcherDocumentCreator" name="test_archer_conversation_messages" time="4.698" /><testcase classname="backend.tests.test_document_library_redesign.TestArcherDocumentCreator" name="test_archer_conversation_not_found" time="0.438" /><testcase classname="backend.tests.test_document_library_redesign.TestArcherDocumentCreator" name="test_archer_send_requires_auth" time="0.512" /><testcase classname="backend.tests.test_document_library_redesign.TestArcherDocumentCreator" name="test_archer_recent_requires_auth" time="0.451" /><testcase classname="backend.tests.test_document_library_redesign.TestHealthCheck" name="test_api_health" time="0.103" /></testsuite></testsuites>