<?xml version="1.0" encoding="utf-8"?><testsuites name="pytest tests"><testsuite name="pytest" errors="0" failures="0" skipped="0" tests="22" time="15.372" timestamp="2026-04-09T20:11:13.145538+00:00" hostname="agent-env-0841431b-a1a0-46ae-ac71-0fc7947080ac"><testcase classname="tests.test_new_features.TestHealthCheck" name="test_api_health" time="0.155" /><testcase classname="tests.test_new_features.TestHealthCheck" name="test_api_root" time="0.125" /><testcase classname="tests.test_new_features.TestRiskScoreHistory" name="test_get_risk_history_authenticated" time="0.189" /><testcase classname="tests.test_new_features.TestRiskScoreHistory" name="test_get_risk_history_unauthenticated" time="0.212" /><testcase classname="tests.test_new_features.TestRiskScoreHistory" name="test_get_risk_history_invalid_case" time="0.138" /><testcase classname="tests.test_new_features.TestOutcomePredictor" name="test_predict_outcome_authenticated" time="9.111" /><testcase classname="tests.test_new_features.TestOutcomePredictor" name="test_predict_outcome_unauthenticated" time="0.150" /><testcase classname="tests.test_new_features.TestOutcomePredictor" name="test_predict_outcome_invalid_case" time="0.175" /><testcase classname="tests.test_new_features.TestDocumentScanner" name="test_scan_document_authenticated" time="2.044" /><testcase classname="tests.test_new_features.TestDocumentScanner" name="test_scan_document_unauthenticated" time="0.212" /><testcase classname="tests.test_new_features.TestDocumentScanner" name="test_scan_document_endpoint_exists" time="0.176" /><testcase classname="tests.test_new_features.TestStripePayments" name="test_checkout_pro_monthly" time="0.826" /><testcase classname="tests.test_new_features.TestStripePayments" name="test_checkout_lawyer_call" time="0.583" /><testcase classname="tests.test_new_features.TestStripePayments" name="test_checkout_invalid_package" time="0.130" /><testcase classname="tests.test_new_features.TestStripePayments" name="test_checkout_unauthenticated" time="0.130" /><testcase classname="tests.test_new_features.TestStripePayments" name="test_payment_status_invalid_session" time="0.119" /><testcase classname="tests.test_new_features.TestStripePayments" name="test_payment_status_unauthenticated" time="0.112" /><testcase classname="tests.test_new_features.TestStripePayments" name="test_webhook_endpoint_exists" time="0.110" /><testcase classname="tests.test_new_features.TestExistingEndpoints" name="test_get_lawyers" time="0.131" /><testcase classname="tests.test_new_features.TestExistingEndpoints" name="test_get_cases_authenticated" time="0.142" /><testcase classname="tests.test_new_features.TestExistingEndpoints" name="test_get_case_detail" time="0.159" /><testcase classname="tests.test_new_features.TestExistingEndpoints" name="test_dashboard_stats" time="0.162" /></testsuite></testsuites>