<?xml version="1.0" encoding="utf-8"?><testsuites name="pytest tests"><testsuite name="pytest" errors="0" failures="0" skipped="0" tests="21" time="12.188" timestamp="2026-04-09T20:54:00.250388+00:00" hostname="agent-env-0841431b-a1a0-46ae-ac71-0fc7947080ac"><testcase classname="backend.tests.test_legal_chat_sharing.TestHealthCheck" name="test_api_health" time="0.266" /><testcase classname="backend.tests.test_legal_chat_sharing.TestLegalChatConversations" name="test_create_conversation" time="0.783" /><testcase classname="backend.tests.test_legal_chat_sharing.TestLegalChatConversations" name="test_create_conversation_with_case_id" time="0.467" /><testcase classname="backend.tests.test_legal_chat_sharing.TestLegalChatConversations" name="test_list_conversations" time="0.057" /><testcase classname="backend.tests.test_legal_chat_sharing.TestLegalChatConversations" name="test_delete_conversation" time="0.194" /><testcase classname="backend.tests.test_legal_chat_sharing.TestLegalChatMessages" name="test_get_messages_empty" time="0.058" /><testcase classname="backend.tests.test_legal_chat_sharing.TestLegalChatMessages" name="test_send_message_and_get_ai_response" time="7.432" /><testcase classname="backend.tests.test_legal_chat_sharing.TestLegalChatMessages" name="test_get_messages_after_send" time="0.056" /><testcase classname="backend.tests.test_legal_chat_sharing.TestLegalChatMessages" name="test_conversation_not_found" time="0.065" /><testcase classname="backend.tests.test_legal_chat_sharing.TestLegalChatQuestionCount" name="test_get_question_count" time="0.060" /><testcase classname="backend.tests.test_legal_chat_sharing.TestCaseSharing" name="test_share_case" time="0.088" /><testcase classname="backend.tests.test_legal_chat_sharing.TestCaseSharing" name="test_list_case_shares" time="0.060" /><testcase classname="backend.tests.test_legal_chat_sharing.TestCaseSharing" name="test_share_with_different_expiry" time="0.176" /><testcase classname="backend.tests.test_legal_chat_sharing.TestPublicSharedCase" name="test_get_shared_case_public" time="0.165" /><testcase classname="backend.tests.test_legal_chat_sharing.TestPublicSharedCase" name="test_add_comment_to_shared_case" time="0.175" /><testcase classname="backend.tests.test_legal_chat_sharing.TestPublicSharedCase" name="test_verify_comment_persisted" time="0.158" /><testcase classname="backend.tests.test_legal_chat_sharing.TestPublicSharedCase" name="test_shared_case_not_found" time="0.106" /><testcase classname="backend.tests.test_legal_chat_sharing.TestShareRevocation" name="test_revoke_share" time="0.057" /><testcase classname="backend.tests.test_legal_chat_sharing.TestShareRevocation" name="test_revoked_share_returns_410" time="0.140" /><testcase classname="backend.tests.test_legal_chat_sharing.TestShareRevocation" name="test_comment_on_revoked_share_fails" time="0.172" /><testcase classname="backend.tests.test_legal_chat_sharing.TestFreePlanLimits" name="test_free_plan_share_restriction" time="1.351" /></testsuite></testsuites>