<?xml version="1.0" encoding="utf-8"?><testsuites name="pytest tests"><testsuite name="pytest" errors="1" failures="0" skipped="0" tests="6" time="97.423" timestamp="2026-04-11T17:13:33.345110+00:00" hostname="agent-env-0841431b-a1a0-46ae-ac71-0fc7947080ac"><testcase classname="backend.tests.test_add_document_modal.TestAddDocumentUploadEndpoint" name="test_upload_endpoint_accepts_case_id_form_field" time="0.837" /><testcase classname="backend.tests.test_add_document_modal.TestAddDocumentUploadEndpoint" name="test_upload_endpoint_accepts_user_context_form_field" time="60.104"><error message="failed on setup with &quot;AssertionError: Login failed: The preview environment is not responding. It may be starting up.&#10;  &#10;assert 502 == 200&#10; +  where 502 = &lt;Response [502]&gt;.status_code&quot;">backend/tests/test_add_document_modal.py:23: in setup
    assert login_response.status_code == 200, f"Login failed: {login_response.text}"
E   AssertionError: Login failed: The preview environment is not responding. It may be starting up.
E     
E   assert 502 == 200
E    +  where 502 = &lt;Response [502]&gt;.status_code</error></testcase><testcase classname="backend.tests.test_add_document_modal.TestAddDocumentUploadEndpoint" name="test_upload_endpoint_multipart_form_data" time="31.499" /><testcase classname="backend.tests.test_add_document_modal.TestAddDocumentUploadEndpoint" name="test_upload_without_case_id_creates_new_case" time="0.729" /><testcase classname="backend.tests.test_add_document_modal.TestUploadEndpointValidation" name="test_upload_requires_authentication" time="3.751" /><testcase classname="backend.tests.test_add_document_modal.TestUploadEndpointValidation" name="test_upload_requires_file" time="0.414" /></testsuite></testsuites>