<?xml version="1.0" encoding="utf-8"?><testsuites name="pytest tests"><testsuite name="pytest" errors="0" failures="0" skipped="0" tests="8" time="45.194" timestamp="2026-04-11T17:37:05.622583+00:00" hostname="agent-env-0841431b-a1a0-46ae-ac71-0fc7947080ac"><testcase classname="backend.tests.test_james_chat_drawer.TestChatSendEndpoint" name="test_chat_send_without_case_id" time="8.302" /><testcase classname="backend.tests.test_james_chat_drawer.TestChatSendEndpoint" name="test_chat_send_with_case_id" time="9.831" /><testcase classname="backend.tests.test_james_chat_drawer.TestChatSendEndpoint" name="test_chat_send_continues_conversation" time="15.340" /><testcase classname="backend.tests.test_james_chat_drawer.TestChatSendEndpoint" name="test_chat_send_requires_auth" time="0.138" /><testcase classname="backend.tests.test_james_chat_drawer.TestJamesQuestionCard" name="test_james_question_structure" time="0.000" /><testcase classname="backend.tests.test_james_chat_drawer.TestJamesQuestionCard" name="test_james_answer_endpoint" time="7.738" /><testcase classname="backend.tests.test_james_chat_drawer.TestChatConversations" name="test_list_conversations" time="0.054" /><testcase classname="backend.tests.test_james_chat_drawer.TestChatConversations" name="test_get_conversation_messages" time="3.721" /></testsuite></testsuites>