<?xml version="1.0" encoding="utf-8"?><testsuites name="pytest tests"><testsuite name="pytest" errors="0" failures="0" skipped="0" tests="24" time="36.558" timestamp="2026-04-11T12:36:15.741310+00:00" hostname="agent-env-0841431b-a1a0-46ae-ac71-0fc7947080ac"><testcase classname="backend.tests.test_attorney_portal.TestHealthAndBasics" name="test_health_endpoint" time="0.236" /><testcase classname="backend.tests.test_attorney_portal.TestDualLoginSystem" name="test_client_login_success" time="0.338" /><testcase classname="backend.tests.test_attorney_portal.TestDualLoginSystem" name="test_attorney_login_success" time="0.339" /><testcase classname="backend.tests.test_attorney_portal.TestDualLoginSystem" name="test_invalid_login_rejected" time="0.148" /><testcase classname="backend.tests.test_attorney_portal.TestAttorneyApplication" name="test_attorney_apply_creates_user_and_profile" time="0.370" /><testcase classname="backend.tests.test_attorney_portal.TestAttorneyApplication" name="test_attorney_apply_validates_price_range" time="0.125" /><testcase classname="backend.tests.test_attorney_portal.TestAttorneyApplication" name="test_attorney_apply_validates_specialties_max" time="0.138" /><testcase classname="backend.tests.test_attorney_portal.TestAttorneyApplication" name="test_attorney_apply_rejects_duplicate_email" time="0.132" /><testcase classname="backend.tests.test_attorney_portal.TestAttorneyProtectedEndpoints" name="test_attorney_me_returns_profile" time="0.495" /><testcase classname="backend.tests.test_attorney_portal.TestAttorneyProtectedEndpoints" name="test_attorney_me_rejects_client" time="0.469" /><testcase classname="backend.tests.test_attorney_portal.TestAttorneyProtectedEndpoints" name="test_attorney_dashboard_returns_metrics" time="0.495" /><testcase classname="backend.tests.test_attorney_portal.TestAttorneyProtectedEndpoints" name="test_attorney_calls_returns_list" time="0.431" /><testcase classname="backend.tests.test_attorney_portal.TestAttorneyProtectedEndpoints" name="test_attorney_calls_filter_by_status" time="0.439" /><testcase classname="backend.tests.test_attorney_portal.TestAttorneyProtectedEndpoints" name="test_attorney_cases_returns_list" time="0.436" /><testcase classname="backend.tests.test_attorney_portal.TestAttorneyProtectedEndpoints" name="test_attorney_earnings_returns_data" time="0.448" /><testcase classname="backend.tests.test_attorney_portal.TestAttorneyProtectedEndpoints" name="test_attorney_toggle_availability" time="0.658" /><testcase classname="backend.tests.test_attorney_portal.TestAttorneyProtectedEndpoints" name="test_attorney_profile_update" time="0.527" /><testcase classname="backend.tests.test_attorney_portal.TestAttorneyResearch" name="test_attorney_research_conversations" time="0.453" /><testcase classname="backend.tests.test_attorney_portal.TestAttorneyResearch" name="test_attorney_research_send_creates_conversation" time="28.547" /><testcase classname="backend.tests.test_attorney_portal.TestPublicAttorneyDirectory" name="test_attorneys_directory_returns_approved" time="0.142" /><testcase classname="backend.tests.test_attorney_portal.TestPublicAttorneyDirectory" name="test_public_attorney_profile_by_slug" time="0.212" /><testcase classname="backend.tests.test_attorney_portal.TestPublicAttorneyDirectory" name="test_public_profile_404_for_invalid_slug" time="0.194" /><testcase classname="backend.tests.test_attorney_portal.TestPublicAttorneyDirectory" name="test_attorneys_directory_filter_by_country" time="0.104" /><testcase classname="backend.tests.test_attorney_portal.TestAttorneyBooking" name="test_book_attorney_call" time="0.564" /></testsuite></testsuites>