<?xml version="1.0" encoding="utf-8"?><testsuites name="pytest tests"><testsuite name="pytest" errors="0" failures="0" skipped="0" tests="15" time="7.102" timestamp="2026-04-10T08:25:18.780643+00:00" hostname="agent-env-0841431b-a1a0-46ae-ac71-0fc7947080ac"><testcase classname="backend.tests.test_email_auth.TestEmailRegistration" name="test_register_success" time="0.434" /><testcase classname="backend.tests.test_email_auth.TestEmailRegistration" name="test_register_duplicate_email" time="0.499" /><testcase classname="backend.tests.test_email_auth.TestEmailRegistration" name="test_register_short_password" time="0.134" /><testcase classname="backend.tests.test_email_auth.TestEmailRegistration" name="test_register_with_pro_plan" time="0.358" /><testcase classname="backend.tests.test_email_auth.TestEmailLogin" name="test_login_success" time="0.647" /><testcase classname="backend.tests.test_email_auth.TestEmailLogin" name="test_login_wrong_password" time="0.656" /><testcase classname="backend.tests.test_email_auth.TestEmailLogin" name="test_login_nonexistent_email" time="0.484" /><testcase classname="backend.tests.test_email_auth.TestEmailLogin" name="test_login_case_insensitive_email" time="0.655" /><testcase classname="backend.tests.test_email_auth.TestAuthMe" name="test_auth_me_with_bearer_token" time="0.422" /><testcase classname="backend.tests.test_email_auth.TestAuthMe" name="test_auth_me_without_token" time="0.439" /><testcase classname="backend.tests.test_email_auth.TestAuthMe" name="test_auth_me_with_invalid_token" time="0.452" /><testcase classname="backend.tests.test_email_auth.TestLogout" name="test_logout_clears_session" time="0.580" /><testcase classname="backend.tests.test_email_auth.TestExistingGoogleOAuthRegression" name="test_auth_session_endpoint_exists" time="0.105" /><testcase classname="backend.tests.test_email_auth.TestBcryptHashFormat" name="test_password_hash_format" time="0.757" /><testcase classname="backend.tests.test_email_auth.TestCleanup" name="test_cleanup_test_users" time="0.394" /></testsuite></testsuites>