<?xml version="1.0" encoding="utf-8"?><testsuites name="pytest tests"><testsuite name="pytest" errors="0" failures="0" skipped="0" tests="7" time="33.122" timestamp="2026-04-11T11:05:09.023771+00:00" hostname="agent-env-0841431b-a1a0-46ae-ac71-0fc7947080ac"><testcase classname="backend.tests.test_bug_fixes_iteration19.TestLegalChatBug1" name="test_chat_send_returns_real_ai_response" time="9.748" /><testcase classname="backend.tests.test_bug_fixes_iteration19.TestLegalChatBug1" name="test_multi_turn_chat_remembers_context" time="15.316" /><testcase classname="backend.tests.test_bug_fixes_iteration19.TestFindingsTextBug2" name="test_case_has_ai_findings_with_text" time="0.454" /><testcase classname="backend.tests.test_bug_fixes_iteration19.TestFrenchLabelsBug3" name="test_user_has_french_language_setting" time="0.421" /><testcase classname="backend.tests.test_bug_fixes_iteration19.TestFrenchLabelsBug3" name="test_analyze_document_advanced_accepts_language_param" time="5.777" /><testcase classname="backend.tests.test_bug_fixes_iteration19.TestJurisdictionLanguageSelectors" name="test_login_returns_jurisdiction_and_language" time="0.693" /><testcase classname="backend.tests.test_bug_fixes_iteration19.TestJurisdictionLanguageSelectors" name="test_profile_update_jurisdiction_and_language" time="0.635" /></testsuite></testsuites>