<?xml version="1.0" encoding="utf-8"?><testsuites name="pytest tests"><testsuite name="pytest" errors="0" failures="0" skipped="0" tests="7" time="34.437" timestamp="2026-04-11T18:05:19.808883+00:00" hostname="agent-env-0841431b-a1a0-46ae-ac71-0fc7947080ac"><testcase classname="backend.tests.test_letter_form_modal.TestLetterFormModalAPI" name="test_generate_action_letter_endpoint_exists" time="14.076" /><testcase classname="backend.tests.test_letter_form_modal.TestLetterFormModalAPI" name="test_generate_action_letter_returns_letter_structure" time="17.496" /><testcase classname="backend.tests.test_letter_form_modal.TestLetterFormModalAPI" name="test_generate_action_letter_requires_auth" time="0.618" /><testcase classname="backend.tests.test_letter_form_modal.TestLetterFormModalAPI" name="test_generate_action_letter_invalid_case" time="0.848" /><testcase classname="backend.tests.test_letter_form_modal.TestCasesAPIForNextActions" name="test_cases_list_returns_ai_next_steps" time="0.436" /><testcase classname="backend.tests.test_letter_form_modal.TestCasesAPIForNextActions" name="test_single_case_returns_ai_next_steps" time="0.505" /><testcase classname="backend.tests.test_letter_form_modal.TestUserProfileForLetterForm" name="test_auth_me_returns_user_name" time="0.384" /></testsuite></testsuites>