<?xml version="1.0" encoding="utf-8"?><testsuites name="pytest tests"><testsuite name="pytest" errors="0" failures="0" skipped="0" tests="14" time="3.264" timestamp="2026-04-10T15:29:29.817851+00:00" hostname="agent-env-0841431b-a1a0-46ae-ac71-0fc7947080ac"><testcase classname="backend.tests.test_belgian_features.TestBelgianFeatures" name="test_profile_update_country_to_belgium" time="0.620" /><testcase classname="backend.tests.test_belgian_features.TestBelgianFeatures" name="test_profile_update_region_flandre" time="0.162" /><testcase classname="backend.tests.test_belgian_features.TestBelgianFeatures" name="test_profile_update_region_bruxelles" time="0.114" /><testcase classname="backend.tests.test_belgian_features.TestBelgianFeatures" name="test_profile_update_region_germanophone" time="0.113" /><testcase classname="backend.tests.test_belgian_features.TestBelgianFeatures" name="test_profile_update_country_to_us" time="0.121" /><testcase classname="backend.tests.test_belgian_features.TestBelgianFeatures" name="test_country_config_returns_belgian_config_when_user_is_be" time="0.334" /><testcase classname="backend.tests.test_belgian_features.TestBelgianFeatures" name="test_country_config_returns_us_config_when_user_is_us" time="0.390" /><testcase classname="backend.tests.test_belgian_features.TestBelgianFeatures" name="test_letter_types_employment_belgium" time="0.300" /><testcase classname="backend.tests.test_belgian_features.TestBelgianFeatures" name="test_letter_types_housing_belgium" time="0.160" /><testcase classname="backend.tests.test_belgian_features.TestBelgianFeatures" name="test_letter_types_employment_us" time="0.123" /><testcase classname="backend.tests.test_belgian_features.TestBelgianFeatures" name="test_letter_types_debt_belgium" time="0.109" /><testcase classname="backend.tests.test_belgian_features.TestBelgianFeatures" name="test_letter_types_nda_belgium" time="0.219" /><testcase classname="backend.tests.test_belgian_features.TestBelgianFeatures" name="test_auth_me_returns_country_region_language" time="0.242" /><testcase classname="backend.tests.test_belgian_features.TestBelgianFeatures" name="test_z_reset_user_to_belgium" time="0.162" /></testsuite></testsuites>