<?xml version="1.0" encoding="utf-8"?><testsuites name="pytest tests"><testsuite name="pytest" errors="0" failures="0" skipped="0" tests="16" time="30.681" timestamp="2026-04-11T16:21:41.681629+00:00" hostname="agent-env-0841431b-a1a0-46ae-ac71-0fc7947080ac"><testcase classname="backend.tests.test_case_detail_features.TestCaseDetailFeatures" name="test_get_case_detail" time="0.401" /><testcase classname="backend.tests.test_case_detail_features.TestCaseDetailFeatures" name="test_case_has_success_probability" time="0.426" /><testcase classname="backend.tests.test_case_detail_features.TestCaseDetailFeatures" name="test_case_has_risk_score_history" time="0.390" /><testcase classname="backend.tests.test_case_detail_features.TestCaseDetailFeatures" name="test_case_has_recent_case_law" time="0.392" /><testcase classname="backend.tests.test_case_detail_features.TestCaseDetailFeatures" name="test_case_has_ai_next_steps" time="0.389" /><testcase classname="backend.tests.test_case_detail_features.TestCaseDetailFeatures" name="test_james_answer_endpoint" time="8.753" /><testcase classname="backend.tests.test_case_detail_features.TestCaseDetailFeatures" name="test_james_answer_requires_answer" time="0.403" /><testcase classname="backend.tests.test_case_detail_features.TestCaseDetailFeatures" name="test_james_answer_invalid_case" time="0.393" /><testcase classname="backend.tests.test_case_detail_features.TestCaseDetailFeatures" name="test_generate_action_letter_endpoint" time="16.064" /><testcase classname="backend.tests.test_case_detail_features.TestCaseDetailFeatures" name="test_generate_action_letter_invalid_case" time="0.407" /><testcase classname="backend.tests.test_case_detail_features.TestCaseDetailFeatures" name="test_share_case_endpoint" time="0.473" /><testcase classname="backend.tests.test_case_detail_features.TestCaseDetailFeatures" name="test_share_case_invalid_case" time="0.386" /><testcase classname="backend.tests.test_case_detail_features.TestCaseDetailFeatures" name="test_list_case_shares" time="0.435" /><testcase classname="backend.tests.test_case_detail_features.TestCaseDetailFeatures" name="test_endpoints_require_auth" time="0.584" /><testcase classname="backend.tests.test_case_detail_features.TestLoginFlow" name="test_login_with_test_credentials" time="0.326" /><testcase classname="backend.tests.test_case_detail_features.TestLoginFlow" name="test_access_case_after_login" time="0.388" /></testsuite></testsuites>