<?xml version="1.0" encoding="utf-8"?><testsuites name="pytest tests"><testsuite name="pytest" errors="0" failures="0" skipped="0" tests="13" time="4.658" timestamp="2026-04-11T14:14:05.384212+00:00" hostname="agent-env-0841431b-a1a0-46ae-ac71-0fc7947080ac"><testcase classname="backend.tests.test_dashboard_bugs.TestAuthAndLogin" name="test_login_us_pro_client" time="0.385" /><testcase classname="backend.tests.test_dashboard_bugs.TestAuthAndLogin" name="test_login_belgian_fr_client" time="0.334" /><testcase classname="backend.tests.test_dashboard_bugs.TestCasesAPI" name="test_get_cases_returns_data" time="0.463" /><testcase classname="backend.tests.test_dashboard_bugs.TestCasesAPI" name="test_case_has_risk_score_75" time="0.387" /><testcase classname="backend.tests.test_dashboard_bugs.TestCasesAPI" name="test_case_has_4_risk_dimensions" time="0.413" /><testcase classname="backend.tests.test_dashboard_bugs.TestCasesAPI" name="test_case_has_ai_findings" time="0.425" /><testcase classname="backend.tests.test_dashboard_bugs.TestCasesAPI" name="test_case_has_ai_next_steps" time="0.386" /><testcase classname="backend.tests.test_dashboard_bugs.TestCasesAPI" name="test_case_has_battle_preview" time="0.377" /><testcase classname="backend.tests.test_dashboard_bugs.TestCasesAPI" name="test_case_has_deadline" time="0.381" /><testcase classname="backend.tests.test_dashboard_bugs.TestCasesAPI" name="test_case_has_key_insight" time="0.411" /><testcase classname="backend.tests.test_dashboard_bugs.TestReanalyzeEndpoint" name="test_reanalyze_endpoint_exists" time="0.377" /><testcase classname="backend.tests.test_dashboard_bugs.TestLawyersAPI" name="test_get_lawyers_us" time="0.127" /><testcase classname="backend.tests.test_dashboard_bugs.TestHealthCheck" name="test_health_endpoint" time="0.102" /></testsuite></testsuites>