<?xml version="1.0" encoding="utf-8"?><testsuites name="pytest tests"><testsuite name="pytest" errors="0" failures="0" skipped="0" tests="13" time="45.463" timestamp="2026-04-11T11:25:31.847183+00:00" hostname="agent-env-0841431b-a1a0-46ae-ac71-0fc7947080ac"><testcase classname="backend.tests.test_archer_document_creator.TestArcherDocumentCreator" name="test_01_archer_send_creates_conversation" time="3.724" /><testcase classname="backend.tests.test_archer_document_creator.TestArcherDocumentCreator" name="test_02_archer_send_continues_conversation" time="7.464" /><testcase classname="backend.tests.test_archer_document_creator.TestArcherDocumentCreator" name="test_03_archer_response_in_user_language" time="2.720" /><testcase classname="backend.tests.test_archer_document_creator.TestArcherDocumentCreator" name="test_04_get_conversations_list" time="0.418" /><testcase classname="backend.tests.test_archer_document_creator.TestArcherDocumentCreator" name="test_05_get_recent_documents" time="0.414" /><testcase classname="backend.tests.test_archer_document_creator.TestArcherDocumentCreator" name="test_06_get_conversation_messages" time="2.614" /><testcase classname="backend.tests.test_archer_document_creator.TestArcherDocumentCreator" name="test_07_invalid_conversation_returns_404" time="0.385" /><testcase classname="backend.tests.test_archer_document_creator.TestArcherDocumentCreator" name="test_08_unauthenticated_request_returns_401" time="0.445" /><testcase classname="backend.tests.test_archer_document_creator.TestArcherDocumentGeneration" name="test_document_generation_flow" time="25.632" /><testcase classname="backend.tests.test_archer_document_creator.TestTemplateLibraryIntegration" name="test_get_templates" time="0.408" /><testcase classname="backend.tests.test_archer_document_creator.TestTemplateLibraryIntegration" name="test_get_templates_with_category_filter" time="0.369" /><testcase classname="backend.tests.test_archer_document_creator.TestTemplateLibraryIntegration" name="test_get_templates_with_search" time="0.385" /><testcase classname="backend.tests.test_archer_document_creator.TestSignatureEndpoint" name="test_sign_endpoint_exists" time="0.392" /></testsuite></testsuites>