<?xml version="1.0" encoding="utf-8"?><testsuites name="pytest tests"><testsuite name="pytest" errors="0" failures="0" skipped="0" tests="11" time="1.735" timestamp="2026-04-10T15:45:31.450330+00:00" hostname="agent-env-0841431b-a1a0-46ae-ac71-0fc7947080ac"><testcase classname="backend.tests.test_belgian_lawyers.TestLawyersAPI" name="test_get_all_lawyers_returns_17" time="0.625" /><testcase classname="backend.tests.test_belgian_lawyers.TestLawyersAPI" name="test_get_belgian_lawyers_only" time="0.073" /><testcase classname="backend.tests.test_belgian_lawyers.TestLawyersAPI" name="test_get_us_lawyers_only" time="0.057" /><testcase classname="backend.tests.test_belgian_lawyers.TestLawyersAPI" name="test_belgian_lawyers_have_correct_fields" time="0.064" /><testcase classname="backend.tests.test_belgian_lawyers.TestLawyersAPI" name="test_belgian_francophone_lawyers" time="0.070" /><testcase classname="backend.tests.test_belgian_lawyers.TestLawyersAPI" name="test_belgian_dutch_lawyers" time="0.053" /><testcase classname="backend.tests.test_belgian_lawyers.TestLawyersAPI" name="test_belgian_german_lawyers" time="0.052" /><testcase classname="backend.tests.test_belgian_lawyers.TestLawyersAPI" name="test_belgian_lawyers_have_belgian_bar_states" time="0.058" /><testcase classname="backend.tests.test_belgian_lawyers.TestLawyersAPI" name="test_us_lawyers_have_us_bar_states" time="0.066" /><testcase classname="backend.tests.test_belgian_lawyers.TestLawyersAPI" name="test_lawyers_have_required_fields" time="0.049" /><testcase classname="backend.tests.test_belgian_lawyers.TestUserProfile" name="test_belgian_user_profile" time="0.482" /></testsuite></testsuites>