<?xml version="1.0" encoding="utf-8"?><testsuites name="pytest tests"><testsuite name="pytest" errors="0" failures="0" skipped="0" tests="10" time="2.448" timestamp="2026-04-11T18:23:57.690433+00:00" hostname="agent-env-0841431b-a1a0-46ae-ac71-0fc7947080ac"><testcase classname="backend.tests.test_jurisdiction_back_button.TestJurisdictionAndBackButton" name="test_01_login_returns_user_with_jurisdiction" time="0.354" /><testcase classname="backend.tests.test_jurisdiction_back_button.TestJurisdictionAndBackButton" name="test_02_get_cases_returns_filtered_by_jurisdiction" time="0.172" /><testcase classname="backend.tests.test_jurisdiction_back_button.TestJurisdictionAndBackButton" name="test_03_update_profile_jurisdiction_to_belgium" time="0.103" /><testcase classname="backend.tests.test_jurisdiction_back_button.TestJurisdictionAndBackButton" name="test_04_get_cases_after_belgium_switch" time="0.233" /><testcase classname="backend.tests.test_jurisdiction_back_button.TestJurisdictionAndBackButton" name="test_05_update_profile_jurisdiction_back_to_us" time="0.120" /><testcase classname="backend.tests.test_jurisdiction_back_button.TestJurisdictionAndBackButton" name="test_06_get_cases_after_us_switch" time="0.166" /><testcase classname="backend.tests.test_jurisdiction_back_button.TestJurisdictionAndBackButton" name="test_07_auth_me_returns_jurisdiction" time="0.112" /><testcase classname="backend.tests.test_jurisdiction_back_button.TestJurisdictionAndBackButton" name="test_08_profile_update_syncs_country_and_jurisdiction" time="0.238" /><testcase classname="backend.tests.test_jurisdiction_back_button.TestCaseDetailAccess" name="test_01_get_single_case_works" time="0.737" /><testcase classname="backend.tests.test_jurisdiction_back_button.TestCaseDetailAccess" name="test_02_case_has_expected_fields" time="0.145" /></testsuite></testsuites>