<?xml version="1.0" encoding="utf-8"?><testsuites name="pytest tests"><testsuite name="pytest" errors="0" failures="0" skipped="0" tests="14" time="1.705" timestamp="2026-04-11T18:47:04.092167+00:00" hostname="agent-env-0841431b-a1a0-46ae-ac71-0fc7947080ac"><testcase classname="backend.tests.test_admin_attorneys.TestAdminAttorneyEndpoints" name="test_01_admin_login_success" time="0.416" /><testcase classname="backend.tests.test_admin_attorneys.TestAdminAttorneyEndpoints" name="test_02_get_all_attorneys" time="0.427" /><testcase classname="backend.tests.test_admin_attorneys.TestAdminAttorneyEndpoints" name="test_03_filter_pending_attorneys" time="0.081" /><testcase classname="backend.tests.test_admin_attorneys.TestAdminAttorneyEndpoints" name="test_04_filter_approved_attorneys" time="0.048" /><testcase classname="backend.tests.test_admin_attorneys.TestAdminAttorneyEndpoints" name="test_05_filter_rejected_attorneys" time="0.051" /><testcase classname="backend.tests.test_admin_attorneys.TestAdminAttorneyEndpoints" name="test_06_filter_all_attorneys" time="0.051" /><testcase classname="backend.tests.test_admin_attorneys.TestAdminAttorneyEndpoints" name="test_07_reject_without_reason_fails" time="0.098" /><testcase classname="backend.tests.test_admin_attorneys.TestAdminAttorneyEndpoints" name="test_08_reject_with_empty_whitespace_fails" time="0.098" /><testcase classname="backend.tests.test_admin_attorneys.TestAdminAttorneyEndpoints" name="test_09_approve_nonexistent_attorney_fails" time="0.055" /><testcase classname="backend.tests.test_admin_attorneys.TestAdminAttorneyEndpoints" name="test_10_reject_nonexistent_attorney_fails" time="0.045" /><testcase classname="backend.tests.test_admin_attorneys.TestAdminAttorneyEndpoints" name="test_11_unauthenticated_access_denied" time="0.106" /><testcase classname="backend.tests.test_admin_attorneys.TestAdminAttorneyEndpoints" name="test_12_attorney_data_has_required_columns" time="0.052" /><testcase classname="backend.tests.test_admin_attorneys.TestAdminAttorneyEndpoints" name="test_13_verify_existing_attorneys" time="0.048" /><testcase classname="backend.tests.test_admin_attorneys.TestAttorneyDashboard" name="test_attorney_dashboard_pending_status" time="0.045" /></testsuite></testsuites>