<?xml version="1.0" encoding="utf-8"?><testsuites name="pytest tests"><testsuite name="pytest" errors="0" failures="0" skipped="0" tests="5" time="108.166" timestamp="2026-04-10T09:55:14.054188+00:00" hostname="agent-env-0841431b-a1a0-46ae-ac71-0fc7947080ac"><testcase classname="backend.tests.test_upload_page.TestAuth" name="test_login_success" time="0.375" /><testcase classname="backend.tests.test_upload_page.TestDashboard" name="test_get_cases" time="0.496" /><testcase classname="backend.tests.test_upload_page.TestDocumentUpload" name="test_upload_txt_file" time="53.011" /><testcase classname="backend.tests.test_upload_page.TestDocumentUpload" name="test_upload_with_user_context" time="53.472" /><testcase classname="backend.tests.test_upload_page.TestDocxExtraction" name="test_docx_upload_returns_response" time="0.742" /></testsuite></testsuites>