<?xml version="1.0" encoding="utf-8"?><testsuites name="pytest tests"><testsuite name="pytest" errors="0" failures="0" skipped="0" tests="17" time="25.567" timestamp="2026-04-10T09:04:30.647654+00:00" hostname="agent-env-0841431b-a1a0-46ae-ac71-0fc7947080ac"><testcase classname="backend.tests.test_letter_types.TestLetterTypesEndpoints" name="test_nda_letter_types_returns_8_options" time="0.233" /><testcase classname="backend.tests.test_letter_types.TestLetterTypesEndpoints" name="test_housing_letter_types_returns_8_options" time="0.108" /><testcase classname="backend.tests.test_letter_types.TestLetterTypesEndpoints" name="test_employment_letter_types_returns_8_options" time="0.113" /><testcase classname="backend.tests.test_letter_types.TestLetterTypesEndpoints" name="test_debt_letter_types_returns_8_options" time="0.107" /><testcase classname="backend.tests.test_letter_types.TestLetterTypesEndpoints" name="test_demand_letter_types_returns_8_options" time="0.107" /><testcase classname="backend.tests.test_letter_types.TestLetterTypesEndpoints" name="test_court_letter_types_returns_8_options" time="0.102" /><testcase classname="backend.tests.test_letter_types.TestLetterTypesEndpoints" name="test_consumer_letter_types_returns_8_options" time="0.113" /><testcase classname="backend.tests.test_letter_types.TestLetterTypesEndpoints" name="test_contract_letter_types_returns_8_options" time="0.107" /><testcase classname="backend.tests.test_letter_types.TestLetterTypesEndpoints" name="test_other_letter_types_returns_8_options_as_fallback" time="0.100" /><testcase classname="backend.tests.test_letter_types.TestLetterTypesEndpoints" name="test_unknown_case_type_falls_back_to_other" time="0.102" /><testcase classname="backend.tests.test_letter_types.TestLetterTypesEndpoints" name="test_immigration_letter_types_returns_6_options" time="0.101" /><testcase classname="backend.tests.test_letter_types.TestLetterTypesEndpoints" name="test_family_letter_types_returns_6_options" time="0.111" /><testcase classname="backend.tests.test_letter_types.TestLetterGeneration" name="test_generate_letter_requires_auth" time="0.094" /><testcase classname="backend.tests.test_letter_types.TestLetterGeneration" name="test_generate_letter_with_housing_type" time="11.445" /><testcase classname="backend.tests.test_letter_types.TestLetterGeneration" name="test_generate_letter_with_new_nda_type" time="11.738" /><testcase classname="backend.tests.test_letter_types.TestRegressionAuth" name="test_login_with_email_password" time="0.362" /><testcase classname="backend.tests.test_letter_types.TestRegressionAuth" name="test_get_case_detail" time="0.437" /></testsuite></testsuites>