<?xml version="1.0" encoding="utf-8"?><testsuites name="pytest tests"><testsuite name="pytest" errors="0" failures="0" skipped="0" tests="8" time="2.655" timestamp="2026-04-10T17:06:54.574693+00:00" hostname="agent-env-0841431b-a1a0-46ae-ac71-0fc7947080ac"><testcase classname="backend.tests.test_country_locale_selector.TestCountryLocaleBackend" name="test_register_uae_user" time="0.453" /><testcase classname="backend.tests.test_country_locale_selector.TestCountryLocaleBackend" name="test_register_us_user" time="0.337" /><testcase classname="backend.tests.test_country_locale_selector.TestCountryLocaleBackend" name="test_register_belgium_french_user" time="0.336" /><testcase classname="backend.tests.test_country_locale_selector.TestCountryLocaleBackend" name="test_register_belgium_dutch_user" time="0.334" /><testcase classname="backend.tests.test_country_locale_selector.TestCountryLocaleBackend" name="test_register_belgium_german_user" time="0.344" /><testcase classname="backend.tests.test_country_locale_selector.TestCountryLocaleBackend" name="test_invalid_country_defaults_to_us" time="0.343" /><testcase classname="backend.tests.test_country_locale_selector.TestLoginRegression" name="test_login_existing_belgian_user" time="0.333" /><testcase classname="backend.tests.test_country_locale_selector.TestLoginRegression" name="test_login_invalid_credentials" time="0.104" /></testsuite></testsuites>