<?xml version="1.0" encoding="utf-8"?><testsuites name="pytest tests"><testsuite name="pytest" errors="0" failures="0" skipped="0" tests="11" time="1.782" timestamp="2026-04-10T15:07:18.571782+00:00" hostname="agent-env-0841431b-a1a0-46ae-ac71-0fc7947080ac"><testcase classname="backend.tests.test_contract_guard_risk_monitor.TestRiskMonitorEndpoints" name="test_risk_monitor_status_initial" time="0.475" /><testcase classname="backend.tests.test_contract_guard_risk_monitor.TestRiskMonitorEndpoints" name="test_risk_monitor_connect_gmail" time="0.069" /><testcase classname="backend.tests.test_contract_guard_risk_monitor.TestRiskMonitorEndpoints" name="test_risk_monitor_status_after_connect" time="0.066" /><testcase classname="backend.tests.test_contract_guard_risk_monitor.TestRiskMonitorEndpoints" name="test_risk_monitor_connect_outlook" time="0.088" /><testcase classname="backend.tests.test_contract_guard_risk_monitor.TestRiskMonitorEndpoints" name="test_risk_monitor_connect_invalid_provider" time="0.059" /><testcase classname="backend.tests.test_contract_guard_risk_monitor.TestRiskMonitorEndpoints" name="test_risk_monitor_dismiss_alert" time="0.150" /><testcase classname="backend.tests.test_contract_guard_risk_monitor.TestRiskMonitorEndpoints" name="test_risk_monitor_disconnect" time="0.058" /><testcase classname="backend.tests.test_contract_guard_risk_monitor.TestRiskMonitorEndpoints" name="test_risk_monitor_status_after_disconnect" time="0.057" /><testcase classname="backend.tests.test_contract_guard_risk_monitor.TestContractGuardEndpoints" name="test_contract_guard_reviews_empty" time="0.410" /><testcase classname="backend.tests.test_contract_guard_risk_monitor.TestHealthAndBasics" name="test_api_health" time="0.170" /><testcase classname="backend.tests.test_contract_guard_risk_monitor.TestHealthAndBasics" name="test_api_root" time="0.114" /></testsuite></testsuites>