<?xml version="1.0" encoding="utf-8"?><testsuites name="pytest tests"><testsuite name="pytest" errors="0" failures="0" skipped="0" tests="7" time="3.386" timestamp="2026-04-12T12:36:35.249064+00:00" hostname="agent-env-0841431b-a1a0-46ae-ac71-0fc7947080ac"><testcase classname="backend.tests.test_four_fixes.TestDocumentEndpoints" name="test_get_user_cases" time="0.474" /><testcase classname="backend.tests.test_four_fixes.TestDocumentEndpoints" name="test_get_case_documents" time="0.442" /><testcase classname="backend.tests.test_four_fixes.TestDocumentEndpoints" name="test_get_document_detail" time="0.470" /><testcase classname="backend.tests.test_four_fixes.TestDocumentEndpoints" name="test_document_detail_not_found" time="0.416" /><testcase classname="backend.tests.test_four_fixes.TestDocumentEndpoints" name="test_document_download_endpoint" time="0.648" /><testcase classname="backend.tests.test_four_fixes.TestDocumentEndpoints" name="test_delete_document_endpoint_exists" time="0.387" /><testcase classname="backend.tests.test_four_fixes.TestCaseDetailEndpoints" name="test_get_case_detail" time="0.482" /></testsuite></testsuites>