<?xml version="1.0" encoding="utf-8"?><testsuites name="pytest tests"><testsuite name="pytest" errors="0" failures="0" skipped="1" tests="12" time="3.840" timestamp="2026-04-10T16:41:31.528816+00:00" hostname="agent-env-0841431b-a1a0-46ae-ac71-0fc7947080ac"><testcase classname="backend.tests.test_signup_country_region.TestSignupCountryRegionLanguage" name="test_register_with_belgium_wallonie" time="0.432" /><testcase classname="backend.tests.test_signup_country_region.TestSignupCountryRegionLanguage" name="test_register_with_belgium_flandre" time="0.334" /><testcase classname="backend.tests.test_signup_country_region.TestSignupCountryRegionLanguage" name="test_register_with_belgium_bruxelles" time="0.349" /><testcase classname="backend.tests.test_signup_country_region.TestSignupCountryRegionLanguage" name="test_register_with_belgium_germanophone" time="0.366" /><testcase classname="backend.tests.test_signup_country_region.TestSignupCountryRegionLanguage" name="test_register_with_us_default" time="0.341" /><testcase classname="backend.tests.test_signup_country_region.TestSignupCountryRegionLanguage" name="test_register_backwards_compat_no_country" time="0.333" /><testcase classname="backend.tests.test_signup_country_region.TestSignupCountryRegionLanguage" name="test_register_sets_session_cookie" time="0.339" /><testcase classname="backend.tests.test_signup_country_region.TestSignupCountryRegionLanguage" name="test_register_and_verify_profile_persistence" time="0.373" /><testcase classname="backend.tests.test_signup_country_region.TestSignupCountryRegionLanguage" name="test_register_duplicate_email_rejected" time="0.421" /><testcase classname="backend.tests.test_signup_country_region.TestLoginRegression" name="test_login_existing_belgian_user" time="0.343" /><testcase classname="backend.tests.test_signup_country_region.TestLoginRegression" name="test_login_existing_us_user" time="0.000"><skipped type="pytest.skip" message="US test user test@example.com not seeded in database">/app/backend/tests/test_signup_country_region.py:277: US test user test@example.com not seeded in database</skipped></testcase><testcase classname="backend.tests.test_signup_country_region.TestLoginRegression" name="test_login_invalid_credentials" time="0.118" /></testsuite></testsuites>