<?xml version="1.0" encoding="utf-8"?><testsuites name="pytest tests"><testsuite name="pytest" errors="0" failures="0" skipped="0" tests="4" time="2.108" timestamp="2026-04-11T19:04:14.027926+00:00" hostname="agent-env-0841431b-a1a0-46ae-ac71-0fc7947080ac"><testcase classname="backend.tests.test_letter_form_modal.TestLetterFormModalBackend" name="test_user_profile_has_name_and_email" time="0.451" /><testcase classname="backend.tests.test_letter_form_modal.TestLetterFormModalBackend" name="test_get_cases_list" time="0.446" /><testcase classname="backend.tests.test_letter_form_modal.TestLetterFormModalBackend" name="test_case_has_new_fields" time="0.585" /><testcase classname="backend.tests.test_letter_form_modal.TestLetterFormModalBackend" name="test_case_model_fields_in_response" time="0.559" /></testsuite></testsuites>