<?xml version="1.0" encoding="utf-8"?><testsuites name="pytest tests"><testsuite name="pytest" errors="0" failures="1" skipped="0" tests="11" time="25.063" timestamp="2026-04-10T18:46:10.680822+00:00" hostname="agent-env-0841431b-a1a0-46ae-ac71-0fc7947080ac"><testcase classname="backend.tests.test_multi_doc_features.TestMultiDocFeatures" name="test_multi_doc_case_has_required_fields" time="0.560" /><testcase classname="backend.tests.test_multi_doc_features.TestMultiDocFeatures" name="test_case_narrative_content" time="0.393" /><testcase classname="backend.tests.test_multi_doc_features.TestMultiDocFeatures" name="test_contradictions_structure" time="0.394" /><testcase classname="backend.tests.test_multi_doc_features.TestMultiDocFeatures" name="test_risk_score_history" time="0.403" /><testcase classname="backend.tests.test_multi_doc_features.TestMultiDocFeatures" name="test_cumulative_financial_exposure" time="0.405" /><testcase classname="backend.tests.test_multi_doc_features.TestMultiDocFeatures" name="test_master_deadlines" time="0.429" /><testcase classname="backend.tests.test_multi_doc_features.TestMultiDocFeatures" name="test_opposing_strategy_analysis" time="0.414" /><testcase classname="backend.tests.test_multi_doc_features.TestMultiDocFeatures" name="test_single_doc_case_no_multi_doc_fields" time="0.397" /><testcase classname="backend.tests.test_multi_doc_features.TestMultiDocFeatures" name="test_case_brief_endpoint" time="20.734" /><testcase classname="backend.tests.test_multi_doc_features.TestFrenchTranslations" name="test_user_language_is_french" time="0.421"><failure message="AssertionError: Expected fr-BE, got None&#10;assert None == 'fr-BE'&#10; +  where None = &lt;built-in method get of dict object at 0xf932939669c0&gt;('language')&#10; +    where &lt;built-in method get of dict object at 0xf932939669c0&gt; = {'session_token': 'a5baada5-b8b5-435f-853b-b058d7d32b0f', 'user': {'auth_provider': 'email', 'country': 'BE', 'created_at': '2026-04-10T15:00:58.184256+00:00', 'data_sharing': True, ...}}.get&#10; +      where {'session_token': 'a5baada5-b8b5-435f-853b-b058d7d32b0f', 'user': {'auth_provider': 'email', 'country': 'BE', 'created_at': '2026-04-10T15:00:58.184256+00:00', 'data_sharing': True, ...}} = &lt;test_multi_doc_features.TestFrenchTranslations object at 0xf932939267d0&gt;.user">backend/tests/test_multi_doc_features.py:228: in test_user_language_is_french
    assert self.user.get('language') == 'fr-BE', f"Expected fr-BE, got {self.user.get('language')}"
E   AssertionError: Expected fr-BE, got None
E   assert None == 'fr-BE'
E    +  where None = &lt;built-in method get of dict object at 0xf932939669c0&gt;('language')
E    +    where &lt;built-in method get of dict object at 0xf932939669c0&gt; = {'session_token': 'a5baada5-b8b5-435f-853b-b058d7d32b0f', 'user': {'auth_provider': 'email', 'country': 'BE', 'created_at': '2026-04-10T15:00:58.184256+00:00', 'data_sharing': True, ...}}.get
E    +      where {'session_token': 'a5baada5-b8b5-435f-853b-b058d7d32b0f', 'user': {'auth_provider': 'email', 'country': 'BE', 'created_at': '2026-04-10T15:00:58.184256+00:00', 'data_sharing': True, ...}} = &lt;test_multi_doc_features.TestFrenchTranslations object at 0xf932939267d0&gt;.user</failure></testcase><testcase classname="backend.tests.test_multi_doc_features.TestFrenchTranslations" name="test_case_content_in_french" time="0.399" /></testsuite></testsuites>