<?xml version="1.0" encoding="utf-8"?><testsuites name="pytest tests"><testsuite name="pytest" errors="0" failures="0" skipped="0" tests="9" time="25.950" timestamp="2026-04-11T16:46:19.601858+00:00" hostname="agent-env-0841431b-a1a0-46ae-ac71-0fc7947080ac"><testcase classname="backend.tests.test_dashboard_features.TestDashboardFeatures" name="test_get_cases_list" time="0.490" /><testcase classname="backend.tests.test_dashboard_features.TestDashboardFeatures" name="test_case_has_battle_preview" time="0.431" /><testcase classname="backend.tests.test_dashboard_features.TestDashboardFeatures" name="test_case_has_success_probability" time="0.452" /><testcase classname="backend.tests.test_dashboard_features.TestDashboardFeatures" name="test_case_has_recent_case_law" time="0.461" /><testcase classname="backend.tests.test_dashboard_features.TestDashboardFeatures" name="test_case_has_archer_question" time="0.443" /><testcase classname="backend.tests.test_dashboard_features.TestDashboardFeatures" name="test_case_has_risk_score_history" time="0.445" /><testcase classname="backend.tests.test_dashboard_features.TestDashboardFeatures" name="test_generate_action_letter_endpoint" time="14.224" /><testcase classname="backend.tests.test_dashboard_features.TestDashboardFeatures" name="test_share_case_endpoint" time="0.554" /><testcase classname="backend.tests.test_dashboard_features.TestDashboardFeatures" name="test_archer_answer_endpoint" time="8.375" /></testsuite></testsuites>