<?xml version="1.0" encoding="utf-8"?><testsuites name="pytest tests"><testsuite name="pytest" errors="0" failures="1" skipped="0" tests="10" time="204.434" timestamp="2026-04-10T17:37:00.680321+00:00" hostname="agent-env-0841431b-a1a0-46ae-ac71-0fc7947080ac"><testcase classname="backend.tests.test_vision_fallback.TestVisionFallback" name="test_login_works" time="0.460" /><testcase classname="backend.tests.test_vision_fallback.TestVisionFallback" name="test_jpeg_upload_returns_vision_mode_true" time="25.170" /><testcase classname="backend.tests.test_vision_fallback.TestVisionFallback" name="test_png_upload_returns_vision_mode_true" time="25.260" /><testcase classname="backend.tests.test_vision_fallback.TestVisionFallback" name="test_scanned_pdf_fallback_to_vision" time="12.345" /><testcase classname="backend.tests.test_vision_fallback.TestVisionFallback" name="test_text_pdf_returns_vision_mode_false" time="60.562"><failure message="AssertionError: Upload failed: 502 - The preview environment is not responding. It may be starting up.&#10;  &#10;assert 502 == 200&#10; +  where 502 = &lt;Response [502]&gt;.status_code">backend/tests/test_vision_fallback.py:222: in test_text_pdf_returns_vision_mode_false
    assert response.status_code == 200, f"Upload failed: {response.status_code} - {response.text}"
E   AssertionError: Upload failed: 502 - The preview environment is not responding. It may be starting up.
E     
E   assert 502 == 200
E    +  where 502 = &lt;Response [502]&gt;.status_code</failure></testcase><testcase classname="backend.tests.test_vision_fallback.TestVisionFallback" name="test_upload_response_has_analysis" time="18.064" /><testcase classname="backend.tests.test_vision_fallback.TestVisionFallback" name="test_webp_upload_returns_vision_mode_true" time="15.038" /><testcase classname="backend.tests.test_vision_fallback.TestUploadEndpointAcceptTypes" name="test_accepts_jpeg_extension" time="20.085" /><testcase classname="backend.tests.test_vision_fallback.TestUploadEndpointAcceptTypes" name="test_accepts_jpg_extension" time="13.674" /><testcase classname="backend.tests.test_vision_fallback.TestUploadEndpointAcceptTypes" name="test_accepts_png_extension" time="13.674" /></testsuite></testsuites>