<?xml version="1.0" encoding="utf-8"?><testsuites name="pytest tests"><testsuite name="pytest" errors="0" failures="0" skipped="0" tests="43" time="29.994" timestamp="2026-04-09T20:30:53.691052+00:00" hostname="agent-env-0841431b-a1a0-46ae-ac71-0fc7947080ac"><testcase classname="backend.tests.test_advanced_analysis.TestHealthAndBasics" name="test_api_health" time="0.208" /><testcase classname="backend.tests.test_advanced_analysis.TestHealthAndBasics" name="test_api_root" time="0.108" /><testcase classname="backend.tests.test_advanced_analysis.TestAdvancedAnalysisFields" name="test_case_detail_has_battle_preview" time="0.123" /><testcase classname="backend.tests.test_advanced_analysis.TestAdvancedAnalysisFields" name="test_case_detail_has_success_probability" time="0.120" /><testcase classname="backend.tests.test_advanced_analysis.TestAdvancedAnalysisFields" name="test_case_detail_has_procedural_defects" time="0.157" /><testcase classname="backend.tests.test_advanced_analysis.TestAdvancedAnalysisFields" name="test_case_detail_has_applicable_laws" time="0.135" /><testcase classname="backend.tests.test_advanced_analysis.TestAdvancedAnalysisFields" name="test_case_detail_has_key_insight" time="0.122" /><testcase classname="backend.tests.test_advanced_analysis.TestAdvancedAnalysisFields" name="test_case_detail_has_leverage_points" time="0.116" /><testcase classname="backend.tests.test_advanced_analysis.TestAdvancedAnalysisFields" name="test_case_detail_has_financial_exposure_detailed" time="0.160" /><testcase classname="backend.tests.test_advanced_analysis.TestDocumentUploadEndpoint" name="test_upload_endpoint_exists" time="0.132" /><testcase classname="backend.tests.test_advanced_analysis.TestDocumentUploadEndpoint" name="test_upload_requires_authentication" time="0.130" /><testcase classname="backend.tests.test_advanced_analysis.TestJurisprudenceLoading" name="test_jurisprudence_file_exists" time="0.104" /><testcase classname="backend.tests.test_advanced_analysis.TestExistingEndpoints" name="test_get_lawyers" time="0.117" /><testcase classname="backend.tests.test_advanced_analysis.TestExistingEndpoints" name="test_get_cases_authenticated" time="0.143" /><testcase classname="backend.tests.test_advanced_analysis.TestExistingEndpoints" name="test_get_risk_history" time="0.120" /><testcase classname="backend.tests.test_advanced_analysis.TestExistingEndpoints" name="test_predict_outcome" time="10.105" /><testcase classname="backend.tests.test_advanced_analysis.TestExistingEndpoints" name="test_document_scan_endpoint" time="0.352" /><testcase classname="backend.tests.test_advanced_analysis.TestExistingEndpoints" name="test_stripe_checkout" time="0.695" /><testcase classname="backend.tests.test_advanced_analysis.TestExistingEndpoints" name="test_dashboard_stats" time="0.113" /><testcase classname="backend.tests.test_advanced_analysis.TestExistingEndpoints" name="test_letter_types" time="0.135" /><testcase classname="backend.tests.test_advanced_analysis.TestCaseModel" name="test_case_has_all_advanced_fields" time="0.144" /><testcase classname="backend.tests.test_new_features.TestHealthCheck" name="test_api_health" time="0.148" /><testcase classname="backend.tests.test_new_features.TestHealthCheck" name="test_api_root" time="0.124" /><testcase classname="backend.tests.test_new_features.TestRiskScoreHistory" name="test_get_risk_history_authenticated" time="0.159" /><testcase classname="backend.tests.test_new_features.TestRiskScoreHistory" name="test_get_risk_history_unauthenticated" time="0.105" /><testcase classname="backend.tests.test_new_features.TestRiskScoreHistory" name="test_get_risk_history_invalid_case" time="0.132" /><testcase classname="backend.tests.test_new_features.TestOutcomePredictor" name="test_predict_outcome_authenticated" time="9.862" /><testcase classname="backend.tests.test_new_features.TestOutcomePredictor" name="test_predict_outcome_unauthenticated" time="0.132" /><testcase classname="backend.tests.test_new_features.TestOutcomePredictor" name="test_predict_outcome_invalid_case" time="0.134" /><testcase classname="backend.tests.test_new_features.TestDocumentScanner" name="test_scan_document_authenticated" time="3.078" /><testcase classname="backend.tests.test_new_features.TestDocumentScanner" name="test_scan_document_unauthenticated" time="0.123" /><testcase classname="backend.tests.test_new_features.TestDocumentScanner" name="test_scan_document_endpoint_exists" time="0.112" /><testcase classname="backend.tests.test_new_features.TestStripePayments" name="test_checkout_pro_monthly" time="0.486" /><testcase classname="backend.tests.test_new_features.TestStripePayments" name="test_checkout_lawyer_call" time="0.528" /><testcase classname="backend.tests.test_new_features.TestStripePayments" name="test_checkout_invalid_package" time="0.127" /><testcase classname="backend.tests.test_new_features.TestStripePayments" name="test_checkout_unauthenticated" time="0.138" /><testcase classname="backend.tests.test_new_features.TestStripePayments" name="test_payment_status_invalid_session" time="0.120" /><testcase classname="backend.tests.test_new_features.TestStripePayments" name="test_payment_status_unauthenticated" time="0.129" /><testcase classname="backend.tests.test_new_features.TestStripePayments" name="test_webhook_endpoint_exists" time="0.132" /><testcase classname="backend.tests.test_new_features.TestExistingEndpoints" name="test_get_lawyers" time="0.125" /><testcase classname="backend.tests.test_new_features.TestExistingEndpoints" name="test_get_cases_authenticated" time="0.167" /><testcase classname="backend.tests.test_new_features.TestExistingEndpoints" name="test_get_case_detail" time="0.165" /><testcase classname="backend.tests.test_new_features.TestExistingEndpoints" name="test_dashboard_stats" time="0.146" /></testsuite></testsuites>