<?xml version="1.0" encoding="utf-8"?><testsuites name="pytest tests"><testsuite name="pytest" errors="0" failures="0" skipped="0" tests="6" time="3.468" timestamp="2026-04-11T10:32:03.735752+00:00" hostname="agent-env-0841431b-a1a0-46ae-ac71-0fc7947080ac"><testcase classname="backend.tests.test_jurisdiction_language.TestJurisdictionLanguageBackend" name="test_01_login_returns_jurisdiction_field" time="0.635" /><testcase classname="backend.tests.test_jurisdiction_language.TestJurisdictionLanguageBackend" name="test_02_profile_update_jurisdiction_and_language" time="0.681" /><testcase classname="backend.tests.test_jurisdiction_language.TestJurisdictionLanguageBackend" name="test_03_registration_with_jurisdiction" time="0.596" /><testcase classname="backend.tests.test_jurisdiction_language.TestJurisdictionLanguageBackend" name="test_04_no_uae_in_jurisdiction_options" time="0.417" /><testcase classname="backend.tests.test_jurisdiction_language.TestJurisdictionLanguageBackend" name="test_05_jurisdiction_syncs_with_country" time="0.474" /><testcase classname="backend.tests.test_jurisdiction_language.TestJurisdictionLanguageBackend" name="test_06_language_independent_of_jurisdiction" time="0.593" /></testsuite></testsuites>