<?xml version="1.0" encoding="utf-8"?><testsuites name="pytest tests"><testsuite name="pytest" errors="0" failures="1" skipped="0" tests="7" time="14.447" timestamp="2026-04-11T11:58:04.324456+00:00" hostname="agent-env-0841431b-a1a0-46ae-ac71-0fc7947080ac"><testcase classname="backend.tests.test_bug_fixes_iteration21.TestBugFixes" name="test_bug1_predict_outcome_api_returns_correct_fields" time="11.812" /><testcase classname="backend.tests.test_bug_fixes_iteration21.TestBugFixes" name="test_bug2_cases_list_has_deadline_field" time="0.427" /><testcase classname="backend.tests.test_bug_fixes_iteration21.TestBugFixes" name="test_bug3_lawyers_filter_by_jurisdiction" time="0.427" /><testcase classname="backend.tests.test_bug_fixes_iteration21.TestBugFixes" name="test_bug4_case_events_have_english_titles" time="0.468" /><testcase classname="backend.tests.test_bug_fixes_iteration21.TestBugFixes" name="test_regression_dashboard_loads" time="0.409"><failure message="assert 404 == 200&#10; +  where 404 = &lt;Response [404]&gt;.status_code">backend/tests/test_bug_fixes_iteration21.py:181: in test_regression_dashboard_loads
    assert response.status_code == 200
E   assert 404 == 200
E    +  where 404 = &lt;Response [404]&gt;.status_code</failure></testcase><testcase classname="backend.tests.test_bug_fixes_iteration21.TestBugFixes" name="test_regression_documents_library" time="0.410" /><testcase classname="backend.tests.test_bug_fixes_iteration21.TestBugFixes" name="test_regression_chat_conversations" time="0.401" /></testsuite></testsuites>