<?xml version="1.0" encoding="utf-8"?><testsuites name="pytest tests"><testsuite name="pytest" errors="0" failures="0" skipped="5" tests="7" time="0.931" timestamp="2026-04-10T08:37:10.883927+00:00" hostname="agent-env-0841431b-a1a0-46ae-ac71-0fc7947080ac"><testcase classname="backend.tests.test_user_context_upload.TestUserContextUpload" name="test_upload_endpoint_accepts_user_context_form_field" time="0.399"><skipped type="pytest.skip" message="Could not create/login test user: 200 - {&quot;user&quot;:{&quot;user_id&quot;:&quot;user_857fb0301e6e&quot;,&quot;email&quot;:&quot;test_context_bd5e8bd8@archer.com&quot;,&quot;name&quot;:&quot;Test Context User&quot;,&quot;picture&quot;:null,&quot;auth_provider&quot;:&quot;email&quot;,&quot;plan&quot;:&quot;pro&quot;,&quot;state_of_residence&quot;:null,&quot;phone&quot;:null,&quot;notif_risk_score&quot;:true,&quot;notif_deadlines&quot;:true,&quot;notif_calls&quot;:true,&quot;notif_lawyers&quot;:false,&quot;notif_promo&quot;:false,&quot;data_sharing&quot;:true,&quot;improve_ai&quot;:true,&quot;created_at&quot;:&quot;2026-04-10T08:37:11.321765+00:00&quot;},&quot;session_token&quot;:&quot;8843647a-b2bf-4a0d-bc03-cfb4f6c79bd0&quot;}">/app/backend/tests/test_user_context_upload.py:97: Could not create/login test user: 200 - {"user":{"user_id":"user_857fb0301e6e","email":"test_context_bd5e8bd8@archer.com","name":"Test Context User","picture":null,"auth_provider":"email","plan":"pro","state_of_residence":null,"phone":null,"notif_risk_score":true,"notif_deadlines":true,"notif_calls":true,"notif_lawyers":false,"notif_promo":false,"data_sharing":true,"improve_ai":true,"created_at":"2026-04-10T08:37:11.321765+00:00"},"session_token":"8843647a-b2bf-4a0d-bc03-cfb4f6c79bd0"}</skipped></testcase><testcase classname="backend.tests.test_user_context_upload.TestUserContextUpload" name="test_upload_without_user_context_still_works" time="0.000"><skipped type="pytest.skip" message="Could not create/login test user: 200 - {&quot;user&quot;:{&quot;user_id&quot;:&quot;user_857fb0301e6e&quot;,&quot;email&quot;:&quot;test_context_bd5e8bd8@archer.com&quot;,&quot;name&quot;:&quot;Test Context User&quot;,&quot;picture&quot;:null,&quot;auth_provider&quot;:&quot;email&quot;,&quot;plan&quot;:&quot;pro&quot;,&quot;state_of_residence&quot;:null,&quot;phone&quot;:null,&quot;notif_risk_score&quot;:true,&quot;notif_deadlines&quot;:true,&quot;notif_calls&quot;:true,&quot;notif_lawyers&quot;:false,&quot;notif_promo&quot;:false,&quot;data_sharing&quot;:true,&quot;improve_ai&quot;:true,&quot;created_at&quot;:&quot;2026-04-10T08:37:11.321765+00:00&quot;},&quot;session_token&quot;:&quot;8843647a-b2bf-4a0d-bc03-cfb4f6c79bd0&quot;}">/app/backend/tests/test_user_context_upload.py:126: Could not create/login test user: 200 - {"user":{"user_id":"user_857fb0301e6e","email":"test_context_bd5e8bd8@archer.com","name":"Test Context User","picture":null,"auth_provider":"email","plan":"pro","state_of_residence":null,"phone":null,"notif_risk_score":true,"notif_deadlines":true,"notif_calls":true,"notif_lawyers":false,"notif_promo":false,"data_sharing":true,"improve_ai":true,"created_at":"2026-04-10T08:37:11.321765+00:00"},"session_token":"8843647a-b2bf-4a0d-bc03-cfb4f6c79bd0"}</skipped></testcase><testcase classname="backend.tests.test_user_context_upload.TestUserContextUpload" name="test_upload_with_empty_user_context" time="0.000"><skipped type="pytest.skip" message="Could not create/login test user: 200 - {&quot;user&quot;:{&quot;user_id&quot;:&quot;user_857fb0301e6e&quot;,&quot;email&quot;:&quot;test_context_bd5e8bd8@archer.com&quot;,&quot;name&quot;:&quot;Test Context User&quot;,&quot;picture&quot;:null,&quot;auth_provider&quot;:&quot;email&quot;,&quot;plan&quot;:&quot;pro&quot;,&quot;state_of_residence&quot;:null,&quot;phone&quot;:null,&quot;notif_risk_score&quot;:true,&quot;notif_deadlines&quot;:true,&quot;notif_calls&quot;:true,&quot;notif_lawyers&quot;:false,&quot;notif_promo&quot;:false,&quot;data_sharing&quot;:true,&quot;improve_ai&quot;:true,&quot;created_at&quot;:&quot;2026-04-10T08:37:11.321765+00:00&quot;},&quot;session_token&quot;:&quot;8843647a-b2bf-4a0d-bc03-cfb4f6c79bd0&quot;}">/app/backend/tests/test_user_context_upload.py:147: Could not create/login test user: 200 - {"user":{"user_id":"user_857fb0301e6e","email":"test_context_bd5e8bd8@archer.com","name":"Test Context User","picture":null,"auth_provider":"email","plan":"pro","state_of_residence":null,"phone":null,"notif_risk_score":true,"notif_deadlines":true,"notif_calls":true,"notif_lawyers":false,"notif_promo":false,"data_sharing":true,"improve_ai":true,"created_at":"2026-04-10T08:37:11.321765+00:00"},"session_token":"8843647a-b2bf-4a0d-bc03-cfb4f6c79bd0"}</skipped></testcase><testcase classname="backend.tests.test_user_context_upload.TestUserContextUpload" name="test_upload_with_case_id_and_user_context" time="0.000"><skipped type="pytest.skip" message="Could not create/login test user: 200 - {&quot;user&quot;:{&quot;user_id&quot;:&quot;user_857fb0301e6e&quot;,&quot;email&quot;:&quot;test_context_bd5e8bd8@archer.com&quot;,&quot;name&quot;:&quot;Test Context User&quot;,&quot;picture&quot;:null,&quot;auth_provider&quot;:&quot;email&quot;,&quot;plan&quot;:&quot;pro&quot;,&quot;state_of_residence&quot;:null,&quot;phone&quot;:null,&quot;notif_risk_score&quot;:true,&quot;notif_deadlines&quot;:true,&quot;notif_calls&quot;:true,&quot;notif_lawyers&quot;:false,&quot;notif_promo&quot;:false,&quot;data_sharing&quot;:true,&quot;improve_ai&quot;:true,&quot;created_at&quot;:&quot;2026-04-10T08:37:11.321765+00:00&quot;},&quot;session_token&quot;:&quot;8843647a-b2bf-4a0d-bc03-cfb4f6c79bd0&quot;}">/app/backend/tests/test_user_context_upload.py:168: Could not create/login test user: 200 - {"user":{"user_id":"user_857fb0301e6e","email":"test_context_bd5e8bd8@archer.com","name":"Test Context User","picture":null,"auth_provider":"email","plan":"pro","state_of_residence":null,"phone":null,"notif_risk_score":true,"notif_deadlines":true,"notif_calls":true,"notif_lawyers":false,"notif_promo":false,"data_sharing":true,"improve_ai":true,"created_at":"2026-04-10T08:37:11.321765+00:00"},"session_token":"8843647a-b2bf-4a0d-bc03-cfb4f6c79bd0"}</skipped></testcase><testcase classname="backend.tests.test_user_context_upload.TestUserContextUpload" name="test_user_context_max_length_enforcement" time="0.000"><skipped type="pytest.skip" message="Could not create/login test user: 200 - {&quot;user&quot;:{&quot;user_id&quot;:&quot;user_857fb0301e6e&quot;,&quot;email&quot;:&quot;test_context_bd5e8bd8@archer.com&quot;,&quot;name&quot;:&quot;Test Context User&quot;,&quot;picture&quot;:null,&quot;auth_provider&quot;:&quot;email&quot;,&quot;plan&quot;:&quot;pro&quot;,&quot;state_of_residence&quot;:null,&quot;phone&quot;:null,&quot;notif_risk_score&quot;:true,&quot;notif_deadlines&quot;:true,&quot;notif_calls&quot;:true,&quot;notif_lawyers&quot;:false,&quot;notif_promo&quot;:false,&quot;data_sharing&quot;:true,&quot;improve_ai&quot;:true,&quot;created_at&quot;:&quot;2026-04-10T08:37:11.321765+00:00&quot;},&quot;session_token&quot;:&quot;8843647a-b2bf-4a0d-bc03-cfb4f6c79bd0&quot;}">/app/backend/tests/test_user_context_upload.py:189: Could not create/login test user: 200 - {"user":{"user_id":"user_857fb0301e6e","email":"test_context_bd5e8bd8@archer.com","name":"Test Context User","picture":null,"auth_provider":"email","plan":"pro","state_of_residence":null,"phone":null,"notif_risk_score":true,"notif_deadlines":true,"notif_calls":true,"notif_lawyers":false,"notif_promo":false,"data_sharing":true,"improve_ai":true,"created_at":"2026-04-10T08:37:11.321765+00:00"},"session_token":"8843647a-b2bf-4a0d-bc03-cfb4f6c79bd0"}</skipped></testcase><testcase classname="backend.tests.test_user_context_upload.TestUploadEndpointExists" name="test_upload_endpoint_requires_auth" time="0.146" /><testcase classname="backend.tests.test_user_context_upload.TestUploadEndpointExists" name="test_upload_endpoint_requires_file" time="0.321" /></testsuite></testsuites>