<?xml version="1.0" encoding="utf-8"?><testsuites name="pytest tests"><testsuite name="pytest" errors="0" failures="0" skipped="0" tests="20" time="6.864" timestamp="2026-04-12T14:39:14.078423+00:00" hostname="agent-env-0841431b-a1a0-46ae-ac71-0fc7947080ac"><testcase classname="backend.tests.test_refactoring_iteration42.TestHealthAndBasicEndpoints" name="test_health_endpoint" time="0.260" /><testcase classname="backend.tests.test_refactoring_iteration42.TestHealthAndBasicEndpoints" name="test_root_endpoint" time="0.116" /><testcase classname="backend.tests.test_refactoring_iteration42.TestAuthRoutes" name="test_login_us_pro_user" time="0.348" /><testcase classname="backend.tests.test_refactoring_iteration42.TestAuthRoutes" name="test_login_belgium_pro_user" time="0.377" /><testcase classname="backend.tests.test_refactoring_iteration42.TestAuthRoutes" name="test_login_attorney" time="0.371" /><testcase classname="backend.tests.test_refactoring_iteration42.TestAuthRoutes" name="test_login_invalid_credentials" time="0.158" /><testcase classname="backend.tests.test_refactoring_iteration42.TestAuthRoutes" name="test_auth_me_with_token" time="0.491" /><testcase classname="backend.tests.test_refactoring_iteration42.TestAuthRoutes" name="test_auth_me_without_token" time="0.131" /><testcase classname="backend.tests.test_refactoring_iteration42.TestAuthRoutes" name="test_register_new_user" time="0.334" /><testcase classname="backend.tests.test_refactoring_iteration42.TestCasesEndpoints" name="test_get_cases" time="0.458" /><testcase classname="backend.tests.test_refactoring_iteration42.TestCasesEndpoints" name="test_get_cases_without_auth" time="0.109" /><testcase classname="backend.tests.test_refactoring_iteration42.TestProfileEndpoints" name="test_update_profile" time="0.585" /><testcase classname="backend.tests.test_refactoring_iteration42.TestAttorneyRoutes" name="test_attorney_me" time="0.436" /><testcase classname="backend.tests.test_refactoring_iteration42.TestAttorneyRoutes" name="test_attorney_dashboard" time="0.478" /><testcase classname="backend.tests.test_refactoring_iteration42.TestAttorneyRoutes" name="test_attorney_me_as_client" time="0.454" /><testcase classname="backend.tests.test_refactoring_iteration42.TestAttorneyRoutes" name="test_attorneys_directory" time="0.132" /><testcase classname="backend.tests.test_refactoring_iteration42.TestAdminEndpoints" name="test_admin_attorneys_list" time="0.435" /><testcase classname="backend.tests.test_refactoring_iteration42.TestModuleImports" name="test_auth_module_functions" time="0.333" /><testcase classname="backend.tests.test_refactoring_iteration42.TestModuleImports" name="test_db_module_connection" time="0.430" /><testcase classname="backend.tests.test_refactoring_iteration42.TestModuleImports" name="test_models_module" time="0.336" /></testsuite></testsuites>